Arguments: 
  /home/pawelprusko/.nvm/versions/node/v10.11.0/bin/node /home/pawelprusko/.nvm/versions/node/v10.11.0/bin/yarn install

PATH: 
  /home/pawelprusko/.nvm/versions/node/v10.11.0/bin:/usr/local/sbin:/usr/local/bin:/usr/sbin:/usr/bin:/sbin:/bin:/usr/games:/usr/local/games:/mnt/c/Windows/System32:/mnt/c/Windows:/mnt/c/Windows/System32/wbem:/mnt/c/Windows/System32/WindowsPowerShell/v1.0:/mnt/c/Windows/System32/OpenSSH:/mnt/c/Program Files/Git/cmd:/mnt/c/Program Files/Git/mingw64/bin:/mnt/c/Program Files/Git/usr/bin:/mnt/c/Program Files/nodejs:/mnt/c/Program Files (x86)/Yarn/bin:/mnt/c/Users/Xiaomi/AppData/Local/Microsoft/WindowsApps:/mnt/c/Users/Xiaomi/AppData/Local/Programs/Microsoft VS Code/bin:/mnt/c/Users/Xiaomi/AppData/Local/hyper/app-2.0.0/resources/bin:/mnt/c/Users/Xiaomi/AppData/Roaming/npm:/mnt/c/Users/Xiaomi/AppData/Local/Yarn/bin:/snap/bin

Yarn version: 
  1.10.1

Node version: 
  10.11.0

Platform: 
  linux x64

Trace: 
  Error: ENOENT: no such file or directory, copyfile '/home/pawelprusko/.cache/yarn/v2/npm-pose-core-2.0.0-1a1497a18a25ed2556d92dd728e909e96df6d67e/tmp/.rpt2_cache/b4df454e6320c92030195fdd4df0fe29f825c821/syntacticDiagnostics/cache/34138f8013e6c707025c951a3375e3277584f579' -> '/mnt/d/kurs/modul5/WAR_FER_S_41_REACT_React/1_Zadania/Dzien_5/01_Fetch/node_modules/pose-core/tmp/.rpt2_cache/b4df454e6320c92030195fdd4df0fe29f825c821/syntacticDiagnostics/cache/34138f8013e6c707025c951a3375e3277584f579'

npm manifest: 
  {
    "name": "KazikKoduje",
    "version": "1.0.0",
    "main": "index.js",
    "license": "MIT",
    "scripts": {
      "start": "./node_modules/.bin/webpack",
      "dev": "./node_modules/.bin/webpack-dev-server --inline --hot"
    },
    "devDependencies": {
      "@babel/core": "^7.1.0",
      "@babel/plugin-proposal-class-properties": "^7.1.0",
      "@babel/plugin-proposal-object-rest-spread": "^7.0.0",
      "@babel/preset-env": "^7.1.0",
      "@babel/preset-react": "^7.0.0",
      "@babel/preset-stage-2": "^7.0.0",
      "@tinymce/tinymce-react": "^2.2.6",
      "autoprefixer": "^9.1.5",
      "babel-core": "^6.26.3",
      "babel-loader": "^8.0.2",
      "babel-preset-env": "^1.7.0",
      "babel-preset-react": "^6.24.1",
      "css-loader": "^1.0.0",
      "extract-text-webpack-plugin": "^3.0.2",
      "file-loader": "^2.0.0",
      "firebase": "^5.5.1",
      "firebaseui": "^3.4.1",
      "google-maps-react": "^2.0.2",
      "html-webpack-plugin": "^3.2.0",
      "lodash": "^4.17.11",
      "mini-css-extract-plugin": "^0.4.3",
      "node-sass": "^4.9.3",
      "postcss-loader": "^3.0.0",
      "prop-types": "^15.6.2",
      "react": "^16.5.2",
      "react-dom": "^16.5.2",
      "react-facebook": "^5.0.3",
      "react-motion": "^0.5.2",
      "react-pose": "^3.3.4",
      "react-redux": "^5.0.7",
      "react-router-dom": "^4.3.1",
      "redux": "^4.0.0",
      "redux-form": "^7.4.2",
      "sass-loader": "^7.1.0",
      "style-loader": "^0.23.0",
      "webpack": "^4.20.1",
      "webpack-cli": "^3.1.1",
      "webpack-dev-server": "^3.1.9"
    },
    "dependencies": {
      "react-twitter-share-link": "^1.2.0"
    }
  }

yarn manifest: 
  No manifest

Lockfile: 
  No lockfile
